# JRE version: Java(TM) SE Runtime Environment (17.0+35) (build 17+35-LTS-2724)
# Java VM: Java HotSpot(TM) 64-Bit Server VM (17+35-LTS-2724, mixed mode, sharing, tiered, compressed oops, compressed class ptrs, g1 gc, windows-amd64)
GC Precious Log:
 CPUs: 2 total, 2 available
 Memory: 3918M
 Large Page Support: Disabled
 NUMA Support: Disabled
 Compressed Oops: Enabled (32-bit)
 Heap Region Size: 1M
 Heap Min Capacity: 8M
 Heap Initial Capacity: 62M
 Heap Max Capacity: 980M
 Pre-touch: Disabled
 Parallel Workers: 2
 Concurrent Workers: 1
 Concurrent Refinement Workers: 2
 Periodic GC: Disabled
Heap:
 garbage-first heap   total 63488K, used 43601K [0x00000000c2c00000, 0x0000000100000000)
  region size 1024K, 24 young (24576K), 4 survivors (4096K)
 Metaspace       used 35414K, committed 35968K, reserved 1081344K
  class space    used 4302K, committed 4544K, reserved 1048576K
GC Heap History (20 events):
Event: 0.537 GC heap before
{Heap before GC invocations=0 (full 0):
 garbage-first heap   total 63488K, used 5120K [0x00000000c2c00000, 0x0000000100000000)
  region size 1024K, 6 young (6144K), 0 survivors (0K)
 Metaspace       used 1686K, committed 1792K, reserved 1056768K
  class space    used 162K, committed 192K, reserved 1048576K
}
Event: 0.565 GC heap after
{Heap after GC invocations=1 (full 0):
 garbage-first heap   total 63488K, used 1936K [0x00000000c2c00000, 0x0000000100000000)
  region size 1024K, 1 young (1024K), 1 survivors (1024K)
 Metaspace       used 1686K, committed 1792K, reserved 1056768K
  class space    used 162K, committed 192K, reserved 1048576K
}
Event: 0.755 GC heap before
{Heap before GC invocations=1 (full 0):
 garbage-first heap   total 63488K, used 8080K [0x00000000c2c00000, 0x0000000100000000)
  region size 1024K, 6 young (6144K), 1 survivors (1024K)
 Metaspace       used 1825K, committed 1920K, reserved 1056768K
  class space    used 176K, committed 192K, reserved 1048576K
}
Event: 0.760 GC heap after
{Heap after GC invocations=2 (full 0):
 garbage-first heap   total 63488K, used 5204K [0x00000000c2c00000, 0x0000000100000000)
  region size 1024K, 1 young (1024K), 1 survivors (1024K)
 Metaspace       used 1825K, committed 1920K, reserved 1056768K
  class space    used 176K, committed 192K, reserved 1048576K
}
Event: 0.934 GC heap before
{Heap before GC invocations=2 (full 0):
 garbage-first heap   total 63488K, used 12372K [0x00000000c2c00000, 0x0000000100000000)
  region size 1024K, 9 young (9216K), 1 survivors (1024K)
 Metaspace       used 1865K, committed 1920K, reserved 1056768K
  class space    used 176K, committed 192K, reserved 1048576K
}
Event: 0.939 GC heap after
{Heap after GC invocations=3 (full 0):
 garbage-first heap   total 63488K, used 6019K [0x00000000c2c00000, 0x0000000100000000)
  region size 1024K, 2 young (2048K), 2 survivors (2048K)
 Metaspace       used 1865K, committed 1920K, reserved 1056768K
  class space    used 176K, committed 192K, reserved 1048576K
}
Event: 5.868 GC heap before
{Heap before GC invocations=3 (full 0):
 garbage-first heap   total 63488K, used 41859K [0x00000000c2c00000, 0x0000000100000000)
  region size 1024K, 37 young (37888K), 2 survivors (2048K)
 Metaspace       used 11430K, committed 11648K, reserved 1064960K
  class space    used 1263K, committed 1344K, reserved 1048576K
}
Event: 5.880 GC heap after
{Heap after GC invocations=4 (full 0):
 garbage-first heap   total 63488K, used 9638K [0x00000000c2c00000, 0x0000000100000000)
  region size 1024K, 5 young (5120K), 5 survivors (5120K)
 Metaspace       used 11430K, committed 11648K, reserved 1064960K
  class space    used 1263K, committed 1344K, reserved 1048576K
}
Event: 9.410 GC heap before
{Heap before GC invocations=4 (full 0):
 garbage-first heap   total 63488K, used 42406K [0x00000000c2c00000, 0x0000000100000000)
  region size 1024K, 37 young (37888K), 5 survivors (5120K)
 Metaspace       used 17439K, committed 17664K, reserved 1064960K
  class space    used 1936K, committed 2048K, reserved 1048576K
}
Event: 9.434 GC heap after
{Heap after GC invocations=5 (full 0):
 garbage-first heap   total 63488K, used 14142K [0x00000000c2c00000, 0x0000000100000000)
  region size 1024K, 5 young (5120K), 5 survivors (5120K)
 Metaspace       used 17439K, committed 17664K, reserved 1064960K
  class space    used 1936K, committed 2048K, reserved 1048576K
}
Event: 11.417 GC heap before
{Heap before GC invocations=5 (full 0):
 garbage-first heap   total 63488K, used 44862K [0x00000000c2c00000, 0x0000000100000000)
  region size 1024K, 33 young (33792K), 5 survivors (5120K)
 Metaspace       used 20928K, committed 21184K, reserved 1073152K
  class space    used 2244K, committed 2368K, reserved 1048576K
}
Event: 11.435 GC heap after
{Heap after GC invocations=6 (full 0):
 garbage-first heap   total 63488K, used 16670K [0x00000000c2c00000, 0x0000000100000000)
  region size 1024K, 4 young (4096K), 4 survivors (4096K)
 Metaspace       used 20928K, committed 21184K, reserved 1073152K
  class space    used 2244K, committed 2368K, reserved 1048576K
}
Event: 11.591 GC heap before
{Heap before GC invocations=6 (full 0):
 garbage-first heap   total 63488K, used 17694K [0x00000000c2c00000, 0x0000000100000000)
  region size 1024K, 6 young (6144K), 4 survivors (4096K)
 Metaspace       used 21295K, committed 21504K, reserved 1073152K
  class space    used 2268K, committed 2368K, reserved 1048576K
}
Event: 11.602 GC heap after
{Heap after GC invocations=7 (full 0):
 garbage-first heap   total 63488K, used 17368K [0x00000000c2c00000, 0x0000000100000000)
  region size 1024K, 1 young (1024K), 1 survivors (1024K)
 Metaspace       used 21295K, committed 21504K, reserved 1073152K
  class space    used 2268K, committed 2368K, reserved 1048576K
}
Event: 14.268 GC heap before
{Heap before GC invocations=8 (full 0):
 garbage-first heap   total 63488K, used 46040K [0x00000000c2c00000, 0x0000000100000000)
  region size 1024K, 29 young (29696K), 1 survivors (1024K)
 Metaspace       used 24617K, committed 24960K, reserved 1073152K
  class space    used 2731K, committed 2880K, reserved 1048576K
}
Event: 14.275 GC heap after
{Heap after GC invocations=9 (full 0):
 garbage-first heap   total 63488K, used 18440K [0x00000000c2c00000, 0x0000000100000000)
  region size 1024K, 2 young (2048K), 2 survivors (2048K)
 Metaspace       used 24617K, committed 24960K, reserved 1073152K
  class space    used 2731K, committed 2880K, reserved 1048576K
}
Event: 16.300 GC heap before
{Heap before GC invocations=9 (full 0):
 garbage-first heap   total 63488K, used 47112K [0x00000000c2c00000, 0x0000000100000000)
  region size 1024K, 30 young (30720K), 2 survivors (2048K)
 Metaspace       used 27566K, committed 28032K, reserved 1081344K
  class space    used 3121K, committed 3328K, reserved 1048576K
}
Event: 16.318 GC heap after
{Heap after GC invocations=10 (full 0):
 garbage-first heap   total 63488K, used 21672K [0x00000000c2c00000, 0x0000000100000000)
  region size 1024K, 4 young (4096K), 4 survivors (4096K)
 Metaspace       used 27566K, committed 28032K, reserved 1081344K
  class space    used 3121K, committed 3328K, reserved 1048576K
}
Event: 21.458 GC heap before
{Heap before GC invocations=10 (full 0):
 garbage-first heap   total 63488K, used 47272K [0x00000000c2c00000, 0x0000000100000000)
  region size 1024K, 29 young (29696K), 4 survivors (4096K)
 Metaspace       used 32552K, committed 33088K, reserved 1081344K
  class space    used 3816K, committed 4032K, reserved 1048576K
}
Event: 21.479 GC heap after
{Heap after GC invocations=11 (full 0):
 garbage-first heap   total 63488K, used 25169K [0x00000000c2c00000, 0x0000000100000000)
  region size 1024K, 4 young (4096K), 4 survivors (4096K)
 Metaspace       used 32552K, committed 33088K, reserved 1081344K
  class space    used 3816K, committed 4032K, reserved 1048576K
}

