# JRE version: Java(TM) SE Runtime Environment (17.0+35) (build 17+35-LTS-2724)
# Java VM: Java HotSpot(TM) 64-Bit Server VM (17+35-LTS-2724, mixed mode, sharing, tiered, compressed oops, compressed class ptrs, g1 gc, windows-amd64)
GC Precious Log:
 CPUs: 2 total, 2 available
 Memory: 3918M
 Large Page Support: Disabled
 NUMA Support: Disabled
 Compressed Oops: Enabled (32-bit)
 Heap Region Size: 1M
 Heap Min Capacity: 8M
 Heap Initial Capacity: 62M
 Heap Max Capacity: 980M
 Pre-touch: Disabled
 Parallel Workers: 2
 Concurrent Workers: 1
 Concurrent Refinement Workers: 2
 Periodic GC: Disabled
Heap:
 garbage-first heap   total 63488K, used 34557K [0x00000000c2c00000, 0x0000000100000000)
  region size 1024K, 23 young (23552K), 4 survivors (4096K)
 Metaspace       used 19553K, committed 19776K, reserved 1073152K
  class space    used 2158K, committed 2240K, reserved 1048576K
GC Heap History (18 events):
Event: 4.100 GC heap before
{Heap before GC invocations=0 (full 0):
 garbage-first heap   total 63488K, used 5120K [0x00000000c2c00000, 0x0000000100000000)
  region size 1024K, 6 young (6144K), 0 survivors (0K)
 Metaspace       used 1816K, committed 1984K, reserved 1056768K
  class space    used 169K, committed 256K, reserved 1048576K
}
Event: 4.477 GC heap after
{Heap after GC invocations=1 (full 0):
 garbage-first heap   total 63488K, used 2035K [0x00000000c2c00000, 0x0000000100000000)
  region size 1024K, 1 young (1024K), 1 survivors (1024K)
 Metaspace       used 1816K, committed 1984K, reserved 1056768K
  class space    used 169K, committed 256K, reserved 1048576K
}
Event: 6.319 GC heap before
{Heap before GC invocations=1 (full 0):
 garbage-first heap   total 63488K, used 6131K [0x00000000c2c00000, 0x0000000100000000)
  region size 1024K, 5 young (5120K), 1 survivors (1024K)
 Metaspace       used 2792K, committed 2944K, reserved 1056768K
  class space    used 290K, committed 320K, reserved 1048576K
}
Event: 6.324 GC heap after
{Heap after GC invocations=2 (full 0):
 garbage-first heap   total 63488K, used 3149K [0x00000000c2c00000, 0x0000000100000000)
  region size 1024K, 1 young (1024K), 1 survivors (1024K)
 Metaspace       used 2792K, committed 2944K, reserved 1056768K
  class space    used 290K, committed 320K, reserved 1048576K
}
Event: 8.991 GC heap before
{Heap before GC invocations=2 (full 0):
 garbage-first heap   total 63488K, used 12365K [0x00000000c2c00000, 0x0000000100000000)
  region size 1024K, 10 young (10240K), 1 survivors (1024K)
 Metaspace       used 5401K, committed 5568K, reserved 1056768K
  class space    used 636K, committed 704K, reserved 1048576K
}
Event: 8.997 GC heap after
{Heap after GC invocations=3 (full 0):
 garbage-first heap   total 63488K, used 3746K [0x00000000c2c00000, 0x0000000100000000)
  region size 1024K, 2 young (2048K), 2 survivors (2048K)
 Metaspace       used 5401K, committed 5568K, reserved 1056768K
  class space    used 636K, committed 704K, reserved 1048576K
}
Event: 12.742 GC heap before
{Heap before GC invocations=3 (full 0):
 garbage-first heap   total 63488K, used 38562K [0x00000000c2c00000, 0x0000000100000000)
  region size 1024K, 36 young (36864K), 2 survivors (2048K)
 Metaspace       used 9538K, committed 9664K, reserved 1064960K
  class space    used 1156K, committed 1216K, reserved 1048576K
}
Event: 12.757 GC heap after
{Heap after GC invocations=4 (full 0):
 garbage-first heap   total 63488K, used 5197K [0x00000000c2c00000, 0x0000000100000000)
  region size 1024K, 3 young (3072K), 3 survivors (3072K)
 Metaspace       used 9538K, committed 9664K, reserved 1064960K
  class space    used 1156K, committed 1216K, reserved 1048576K
}
Event: 17.826 GC heap before
{Heap before GC invocations=4 (full 0):
 garbage-first heap   total 63488K, used 40013K [0x00000000c2c00000, 0x0000000100000000)
  region size 1024K, 37 young (37888K), 3 survivors (3072K)
 Metaspace       used 15108K, committed 15360K, reserved 1064960K
  class space    used 1820K, committed 1920K, reserved 1048576K
}
Event: 17.851 GC heap after
{Heap after GC invocations=5 (full 0):
 garbage-first heap   total 63488K, used 8317K [0x00000000c2c00000, 0x0000000100000000)
  region size 1024K, 5 young (5120K), 5 survivors (5120K)
 Metaspace       used 15108K, committed 15360K, reserved 1064960K
  class space    used 1820K, committed 1920K, reserved 1048576K
}
Event: 20.278 GC heap before
{Heap before GC invocations=5 (full 0):
 garbage-first heap   total 63488K, used 41085K [0x00000000c2c00000, 0x0000000100000000)
  region size 1024K, 37 young (37888K), 5 survivors (5120K)
 Metaspace       used 15675K, committed 15872K, reserved 1064960K
  class space    used 1835K, committed 1920K, reserved 1048576K
}
Event: 20.299 GC heap after
{Heap after GC invocations=6 (full 0):
 garbage-first heap   total 63488K, used 10680K [0x00000000c2c00000, 0x0000000100000000)
  region size 1024K, 3 young (3072K), 3 survivors (3072K)
 Metaspace       used 15675K, committed 15872K, reserved 1064960K
  class space    used 1835K, committed 1920K, reserved 1048576K
}
Event: 22.532 GC heap before
{Heap before GC invocations=6 (full 0):
 garbage-first heap   total 63488K, used 45496K [0x00000000c2c00000, 0x0000000100000000)
  region size 1024K, 37 young (37888K), 3 survivors (3072K)
 Metaspace       used 15976K, committed 16192K, reserved 1064960K
  class space    used 1839K, committed 1920K, reserved 1048576K
}
Event: 22.549 GC heap after
{Heap after GC invocations=7 (full 0):
 garbage-first heap   total 63488K, used 12288K [0x00000000c2c00000, 0x0000000100000000)
  region size 1024K, 4 young (4096K), 4 survivors (4096K)
 Metaspace       used 15976K, committed 16192K, reserved 1064960K
  class space    used 1839K, committed 1920K, reserved 1048576K
}
Event: 24.897 GC heap before
{Heap before GC invocations=7 (full 0):
 garbage-first heap   total 63488K, used 46080K [0x00000000c2c00000, 0x0000000100000000)
  region size 1024K, 37 young (37888K), 4 survivors (4096K)
 Metaspace       used 17103K, committed 17344K, reserved 1064960K
  class space    used 1947K, committed 2048K, reserved 1048576K
}
Event: 24.913 GC heap after
{Heap after GC invocations=8 (full 0):
 garbage-first heap   total 63488K, used 14694K [0x00000000c2c00000, 0x0000000100000000)
  region size 1024K, 5 young (5120K), 5 survivors (5120K)
 Metaspace       used 17103K, committed 17344K, reserved 1064960K
  class space    used 1947K, committed 2048K, reserved 1048576K
}
Event: 29.019 GC heap before
{Heap before GC invocations=8 (full 0):
 garbage-first heap   total 63488K, used 47462K [0x00000000c2c00000, 0x0000000100000000)
  region size 1024K, 37 young (37888K), 5 survivors (5120K)
 Metaspace       used 18329K, committed 18624K, reserved 1073152K
  class space    used 2041K, committed 2176K, reserved 1048576K
}
Event: 29.033 GC heap after
{Heap after GC invocations=9 (full 0):
 garbage-first heap   total 63488K, used 16125K [0x00000000c2c00000, 0x0000000100000000)
  region size 1024K, 4 young (4096K), 4 survivors (4096K)
 Metaspace       used 18329K, committed 18624K, reserved 1073152K
  class space    used 2041K, committed 2176K, reserved 1048576K
}

