<?xml version="1.0" encoding="UTF-8"?>
<testsuite xmlns:xsi="http://www.w3.org/2001/XMLSchema-instance" xsi:noNamespaceSchemaLocation="https://maven.apache.org/surefire/maven-surefire-plugin/xsd/surefire-test-report.xsd" name="com.tubes.websaucedemo.TestRunner.WebTestRunner" time="144.983" tests="19" errors="0" skipped="0" failures="2">
  <properties>
[...]
</properties>
  <testcase name="Verifikasi halaman keranjang kosong" classname="Cart" time="6.809"/>
  <testcase name="Verifikasi halaman keranjang berisi barang" classname="Cart" time="6.417"/>
  <testcase name="Verifikasi operasi tekan tombol &quot;Continue Shopping&quot; pada halaman keranjang" classname="Cart" time="7.806"/>
  <testcase name="Melanjutkan proses checkout dengan Field First Name, Last Name dan Zip/Postal Code sudah terisi" classname="Checkout" time="8.072"/>
  <testcase name="Menyelesaikan proses checkout pada halaman checkout overview" classname="Checkout" time="7.39"/>
  <testcase name="Melanjutkan belanja pada halaman checkout complete" classname="Checkout" time="6.741"/>
  <testcase name="Verifikasi Tampilan Daftar Barang" classname="Dashboard" time="6.855"/>
  <testcase name="Verifikasi Tampilan Menuju Halaman Cart" classname="Dashboard" time="4.653"/>
  <testcase name="Validasi Button &quot;Add to Cart&quot; Berubah menjadi &quot;Remove&quot;" classname="Dashboard" time="4.363"/>
  <testcase name="Verifikasi Halaman Detail Produk ketika Gambar Produk ditekan" classname="Product Detail" time="6.81"/>
  <testcase name="Menambahkan Produk ke Cart" classname="Product Detail" time="8.532"/>
  <testcase name="Verifikasi Halaman Dashboard ketika &quot;Back to Product&quot; ditekan" classname="Product Detail" time="7.625"/>
  <testcase name="Melakukan proses pemesanan mulai dari login sampai checkout berhasil" classname="End to End" time="6.501"/>
  <testcase name="User successfully logs in with registered username and password" classname="User Login" time="4.673"/>
  <testcase name="User attempts to login without providing username and password" classname="User Login" time="4.785">
    <failure message="expected:&lt;[You need Username &amp; Password!]&gt; but was:&lt;[Epic sadface: Username is required]&gt;" type="org.junit.ComparisonFailure"><![CDATA[org.junit.ComparisonFailure: expected:<[You need Username & Password!]> but was:<[Epic sadface: Username is required]>
]]></failure>
    <system-out><![CDATA[
@login @login-negative
Scenario: User attempts to login without providing username and password &amp#27;[90m# src/test/resources/websaucedemo/features/Login.feature:13&amp#27;[0m
  &amp#27;[32mGiven &amp#27;[0m&amp#27;[32mI am on the login page&amp#27;[0m                                           &amp#27;[90m# com.tubes.websaucedemo.stepdefinition.LoginStepDefinitions.goToLoginPage()&amp#27;[0m
  &amp#27;[32mWhen &amp#27;[0m&amp#27;[32mI fill in the username &amp#27;[0m&amp#27;[32m&amp#27;[1m""&amp#27;[0m                                         &amp#27;[90m# com.tubes.websaucedemo.stepdefinition.LoginStepDefinitions.enterUsername(java.lang.String)&amp#27;[0m
  &amp#27;[32mAnd &amp#27;[0m&amp#27;[32mI fill in the password &amp#27;[0m&amp#27;[32m&amp#27;[1m""&amp#27;[0m                                          &amp#27;[90m# com.tubes.websaucedemo.stepdefinition.LoginStepDefinitions.enterPassword(java.lang.String)&amp#27;[0m
  &amp#27;[32mAnd &amp#27;[0m&amp#27;[32mI click the login button&amp#27;[0m                                           &amp#27;[90m# com.tubes.websaucedemo.stepdefinition.LoginStepDefinitions.clickLoginButton()&amp#27;[0m
  &amp#27;[32mAnd &amp#27;[0m&amp#27;[32mI should remain on the login page&amp#27;[0m                                  &amp#27;[90m# com.tubes.websaucedemo.stepdefinition.LoginStepDefinitions.verifyRemainOnLoginPage()&amp#27;[0m
Expected error message: You need Username & Password!
Actual error message: Epic sadface: Username is required
  &amp#27;[31mThen &amp#27;[0m&amp#27;[31mI should see the error message &amp#27;[0m&amp#27;[31m&amp#27;[1m"You need Username & Password!"&amp#27;[0m    &amp#27;[90m# com.tubes.websaucedemo.stepdefinition.LoginStepDefinitions.verifyErrorMessage(java.lang.String)&amp#27;[0m
      &amp#27;[31morg.junit.ComparisonFailure: expected:<[You need Username & Password!]> but was:<[Epic sadface: Username is required]>
	at org.junit.Assert.assertEquals(Assert.java:117)
	at org.junit.Assert.assertEquals(Assert.java:146)
	at com.tubes.websaucedemo.stepdefinition.LoginStepDefinitions.verifyErrorMessage(LoginStepDefinitions.java:69)
	at âœ½.I should see the error message "You need Username & Password!"(file:///D:/BACKUP%20C/001Kuliah/Semester%206/PPL/Praktik/TUBES/Web-and-API-Testing-Project/src/test/resources/websaucedemo/features/Login.feature:19)
&amp#27;[0m
]]></system-out>
    <system-err><![CDATA[Starting ChromeDriver 125.0.6422.141 (4b1e83937122185343ba92e909b021f307c719ca-refs/branch-heads/6422@{#1186}) on port 3616
Only local connections are allowed.
Please see https://chromedriver.chromium.org/security-considerations for suggestions on keeping ChromeDriver safe.
ChromeDriver was started successfully.
Jun 03, 2024 9:03:49 AM org.openqa.selenium.remote.ProtocolHandshake createSession
INFO: Detected dialect: W3C
]]></system-err>
  </testcase>
  <testcase name="Username isn&apos;t registered in the system" classname="User Login" time="4.36">
    <failure message="expected:&lt;[Username and password do not match any user in this service !]&gt; but was:&lt;[Epic sadface: Username and password do not match any user in this service]&gt;" type="org.junit.ComparisonFailure"><![CDATA[org.junit.ComparisonFailure: expected:<[Username and password do not match any user in this service !]> but was:<[Epic sadface: Username and password do not match any user in this service]>
]]></failure>
    <system-out><![CDATA[
@login @login-negative
Scenario: Username isn't registered in the system                                                     &amp#27;[90m# src/test/resources/websaucedemo/features/Login.feature:22&amp#27;[0m
  &amp#27;[32mGiven &amp#27;[0m&amp#27;[32mI am on the login page&amp#27;[0m                                                                        &amp#27;[90m# com.tubes.websaucedemo.stepdefinition.LoginStepDefinitions.goToLoginPage()&amp#27;[0m
  &amp#27;[32mWhen &amp#27;[0m&amp#27;[32mI fill in the username &amp#27;[0m&amp#27;[32m&amp#27;[1m"standa_user"&amp#27;[0m                                                           &amp#27;[90m# com.tubes.websaucedemo.stepdefinition.LoginStepDefinitions.enterUsername(java.lang.String)&amp#27;[0m
  &amp#27;[32mAnd &amp#27;[0m&amp#27;[32mI fill in the password &amp#27;[0m&amp#27;[32m&amp#27;[1m"secret_sauce"&amp#27;[0m                                                           &amp#27;[90m# com.tubes.websaucedemo.stepdefinition.LoginStepDefinitions.enterPassword(java.lang.String)&amp#27;[0m
  &amp#27;[32mAnd &amp#27;[0m&amp#27;[32mI click the login button&amp#27;[0m                                                                        &amp#27;[90m# com.tubes.websaucedemo.stepdefinition.LoginStepDefinitions.clickLoginButton()&amp#27;[0m
Expected error message: Username and password do not match any user in this service !
Actual error message: Epic sadface: Username and password do not match any user in this service
  &amp#27;[31mThen &amp#27;[0m&amp#27;[31mI should see the error message &amp#27;[0m&amp#27;[31m&amp#27;[1m"Username and password do not match any user in this service !"&amp#27;[0m &amp#27;[90m# com.tubes.websaucedemo.stepdefinition.LoginStepDefinitions.verifyErrorMessage(java.lang.String)&amp#27;[0m
      &amp#27;[31morg.junit.ComparisonFailure: expected:<[Username and password do not match any user in this service !]> but was:<[Epic sadface: Username and password do not match any user in this service]>
	at org.junit.Assert.assertEquals(Assert.java:117)
	at org.junit.Assert.assertEquals(Assert.java:146)
	at com.tubes.websaucedemo.stepdefinition.LoginStepDefinitions.verifyErrorMessage(LoginStepDefinitions.java:69)
	at âœ½.I should see the error message "Username and password do not match any user in this service !"(file:///D:/BACKUP%20C/001Kuliah/Semester%206/PPL/Praktik/TUBES/Web-and-API-Testing-Project/src/test/resources/websaucedemo/features/Login.feature:27)
&amp#27;[0m
  &amp#27;[36mAnd &amp#27;[0m&amp#27;[36mI should remain on the login page&amp#27;[0m                                                               &amp#27;[90m# com.tubes.websaucedemo.stepdefinition.LoginStepDefinitions.verifyRemainOnLoginPage()&amp#27;[0m
]]></system-out>
    <system-err><![CDATA[Starting ChromeDriver 125.0.6422.141 (4b1e83937122185343ba92e909b021f307c719ca-refs/branch-heads/6422@{#1186}) on port 22388
Only local connections are allowed.
Please see https://chromedriver.chromium.org/security-considerations for suggestions on keeping ChromeDriver safe.
ChromeDriver was started successfully.
Jun 03, 2024 9:03:54 AM org.openqa.selenium.remote.ProtocolHandshake createSession
INFO: Detected dialect: W3C
]]></system-err>
  </testcase>
  <testcase name="Verifikasi halaman Menu" classname="Menu" time="5.183"/>
  <testcase name="Verifikasi menu &quot;Logout&quot;" classname="Menu" time="5.704"/>
  <testcase name="Verifikasi menu &quot;About&quot;" classname="Menu" time="26.778"/>
</testsuite>